
Turn 7
================================================================
warning: entity 5 was directed to use 8 halite to move north, but only 0 halite was available
At command 3 of 4:
    1   m 3 o
    2   m 1 o
>>> 3   m 5 n
    4   g


Turn 9
================================================================
warning: entity 7 was directed to use 6 halite to move east, but only 0 halite was available
At command 3 of 5:
    1   m 3 w
    2   m 1 n
>>> 3   m 7 e
    4   m 5 o
    5   g


Turn 11
================================================================
warning: owned entities 5, 9 collided on cell (24, 16) as the result of moves on this turn
At command 1 of 5:
>>> 1   m 5 s
    2   m 3 w
    3   m 7 s


Turn 14
================================================================
warning: entity 1 was directed to use 4 halite to move east, but only 0 halite was available
At command 3 of 3:
    1   m 7 o
    2   m 3 o
>>> 3   m 1 e


Turn 16
================================================================
warning: owned entities 1, 7 collided on cell (23, 17) as the result of moves on this turn
At command 3 of 3:
    1   m 7 o
    2   m 3 o
>>> 3   m 1 s


Turn 145
================================================================
warning: entity 10 was directed to use 3 halite to move east, but only 0 halite was available
At command 2 of 2:
    1   m 3 o
>>> 2   m 10 e


Turn 148
================================================================
warning: entity 10 was directed to use 7 halite to move west, but only 0 halite was available
At command 2 of 2:
    1   m 3 e
>>> 2   m 10 w


Turn 152
================================================================
warning: entity 10 was directed to use 7 halite to move west, but only 5 halite was available
At command 2 of 2:
    1   m 3 o
>>> 2   m 10 w


Turn 159
================================================================
warning: entity 10 was directed to use 7 halite to move east, but only 3 halite was available
At command 2 of 2:
    1   m 3 o
>>> 2   m 10 e


Turn 239
================================================================
warning: entity 10 was directed to use 9 halite to move west, but only 1 halite was available
At command 1 of 2:
>>> 1   m 10 w
    2   m 3 o


Turn 245
================================================================
warning: entity 10 was directed to use 9 halite to move east, but only 5 halite was available
At command 1 of 2:
>>> 1   m 10 e
    2   m 3 o


Turn 269
================================================================
warning: entity 10 was directed to use 9 halite to move west, but only 8 halite was available
At command 2 of 2:
    1   m 3 o
>>> 2   m 10 w


Turn 279
================================================================
warning: entity 10 was directed to use 5 halite to move east, but only 4 halite was available
At command 2 of 2:
    1   m 3 o
>>> 2   m 10 e


Turn 283
================================================================
warning: entity 10 was directed to use 9 halite to move east, but only 6 halite was available
At command 1 of 2:
>>> 1   m 10 e
    2   m 3 o


Turn 293
================================================================
warning: entity 10 was directed to use 7 halite to move west, but only 0 halite was available
At command 2 of 2:
    1   m 3 o
>>> 2   m 10 w


Turn 296
================================================================
warning: entity 10 was directed to use 8 halite to move west, but only 6 halite was available
At command 2 of 2:
    1   m 3 s
>>> 2   m 10 w


Turn 309
================================================================
warning: entity 10 was directed to use 9 halite to move south, but only 6 halite was available
At command 2 of 2:
    1   m 3 o
>>> 2   m 10 s


Turn 316
================================================================
warning: entity 10 was directed to use 7 halite to move east, but only 0 halite was available
At command 2 of 2:
    1   m 3 e
>>> 2   m 10 e


Turn 323
================================================================
warning: entity 10 was directed to use 1 halite to move south, but only 0 halite was available
At command 2 of 2:
    1   m 3 o
>>> 2   m 10 s


Turn 325
================================================================
warning: entity 10 was directed to use 6 halite to move east, but only 3 halite was available
At command 2 of 2:
    1   m 3 o
>>> 2   m 10 e


Turn 332
================================================================
warning: entity 10 was directed to use 4 halite to move west, but only 1 halite was available
At command 2 of 2:
    1   m 3 w
>>> 2   m 10 w


Turn 359
================================================================
warning: entity 10 was directed to use 4 halite to move north, but only 3 halite was available
At command 2 of 2:
    1   m 3 o
>>> 2   m 10 n


Turn 371
================================================================
warning: entity 10 was directed to use 8 halite to move south, but only 6 halite was available
At command 2 of 2:
    1   m 3 e
>>> 2   m 10 s


Turn 377
================================================================
warning: entity 10 was directed to use 8 halite to move east, but only 1 halite was available
At command 2 of 2:
    1   m 3 w
>>> 2   m 10 e


Turn 381
================================================================
warning: entity 10 was directed to use 8 halite to move east, but only 1 halite was available
At command 1 of 2:
>>> 1   m 10 e
    2   m 3 s


Turn 385
================================================================
warning: entity 10 was directed to use 8 halite to move west, but only 5 halite was available
At command 1 of 2:
>>> 1   m 10 w
    2   m 3 o


Turn 390
================================================================
warning: entity 10 was directed to use 8 halite to move west, but only 3 halite was available
At command 2 of 2:
    1   m 3 o
>>> 2   m 10 w


Turn 396
================================================================
warning: entity 10 was directed to use 2 halite to move west, but only 0 halite was available
At command 2 of 2:
    1   m 3 o
>>> 2   m 10 w


Turn 398
================================================================
warning: entity 10 was directed to use 7 halite to move west, but only 4 halite was available
At command 2 of 2:
    1   m 3 o
>>> 2   m 10 w

