
Turn 9
================================================================
warning: entity 6 was directed to use 7 halite to move south, but only 0 halite was available
At command 4 of 5:
    2   m 4 o
    3   m 0 s
>>> 4   m 6 s
    5   g


Turn 11
================================================================
warning: owned entities 2, 6 collided on cell (9, 17) as the result of moves on this turn
At command 1 of 5:
>>> 1   m 2 e
    2   m 4 w
    3   m 8 o


Turn 16
================================================================
warning: entity 8 was directed to use 8 halite to move south, but only 0 halite was available
At command 1 of 3:
>>> 1   m 8 s
    2   m 0 o
    3   m 4 w


Turn 20
================================================================
warning: owned entities 4, 8 collided on cell (6, 15) as the result of moves on this turn
At command 3 of 3:
    1   m 8 o
    2   m 0 e
>>> 3   m 4 n

