
Turn 7
================================================================
warning: entity 4 was directed to use 8 halite to move north, but only 0 halite was available
At command 3 of 4:
    1   m 2 n
    2   m 0 o
>>> 3   m 4 n
    4   g


Turn 8
================================================================
warning: owned entities 4, 0 collided on cell (9, 15) as the result of moves on this turn
At command 2 of 4:
    1   m 0 o
>>> 2   m 4 n
    3   m 2 s
    4   m 6 s


Turn 11
================================================================
warning: entity 8 was directed to use 6 halite to move north, but only 0 halite was available
At command 3 of 3:
    1   m 6 n
    2   m 2 o
>>> 3   m 8 n


Turn 12
================================================================
warning: owned entities 8, 2 collided on cell (9, 15) as the result of moves on this turn
At command 2 of 3:
    1   m 2 o
>>> 2   m 8 n
    3   m 6 e


Turn 13
================================================================
warning: entity 6 was directed to use 4 halite to move west, but only 0 halite was available
At command 1 of 1:
>>> 1   m 6 w


Turn 16
================================================================
warning: entity 6 was directed to use 3 halite to move north, but only 1 halite was available
At command 1 of 1:
>>> 1   m 6 n


Turn 26
================================================================
warning: entity 6 was directed to use 2 halite to move east, but only 0 halite was available
At command 1 of 1:
>>> 1   m 6 e


Turn 29
================================================================
warning: entity 6 was directed to use 8 halite to move north, but only 0 halite was available
At command 1 of 1:
>>> 1   m 6 n

