
Turn 9
================================================================
warning: entity 7 was directed to use 8 halite to move north, but only 0 halite was available
At command 4 of 5:
    2   m 1 s
    3   m 3 o
>>> 4   m 7 n
    5   g


Turn 10
================================================================
warning: owned entities 1, 5 collided on cell (25, 17) as the result of moves on this turn
At command 4 of 5:
    2   m 7 s
    3   m 9 e
>>> 4   m 1 n
    5   m 5 e

Other commands that placed an entity on this cell:
    3   m 9 e
    4   m 1 n
>>> 5   m 5 e


Turn 11
================================================================
warning: entity 9 was directed to use 8 halite to move north, but only 0 halite was available
At command 3 of 3:
    1   m 3 s
    2   m 7 n
>>> 3   m 9 n

warning: owned entities 3, 9 collided on cell (24, 16) as the result of moves on this turn
At command 1 of 3:
>>> 1   m 3 s
    2   m 7 n
    3   m 9 n


Turn 12
================================================================
warning: entity 7 was directed to use 6 halite to move south, but only 0 halite was available
At command 1 of 1:
>>> 1   m 7 s


Turn 15
================================================================
warning: entity 7 was directed to use 4 halite to move west, but only 0 halite was available
At command 1 of 1:
>>> 1   m 7 w

